0 info it worked if it ends with ok
1 verbose cli [ '/Users/Jack/.nvm/versions/node/v6.10.0/bin/node',
1 verbose cli   '/Users/Jack/.nvm/versions/node/v6.10.0/bin/npm',
1 verbose cli   'run',
1 verbose cli   'serve' ]
2 info using npm@3.10.10
3 info using node@v6.10.0
4 verbose run-script [ 'preserve', 'serve', 'postserve' ]
5 info lifecycle seaice-blog@1.0.0~preserve: seaice-blog@1.0.0
6 silly lifecycle seaice-blog@1.0.0~preserve: no script for preserve, continuing
7 info lifecycle seaice-blog@1.0.0~serve: seaice-blog@1.0.0
8 verbose lifecycle seaice-blog@1.0.0~serve: unsafe-perm in lifecycle true
9 verbose lifecycle seaice-blog@1.0.0~serve: PATH: /Users/Jack/.nvm/versions/node/v6.10.0/lib/node_modules/npm/bin/node-gyp-bin:/Users/Jack/Blog/seaice-blog/node_modules/.bin:/Users/Jack/.nvm/versions/node/v6.10.0/bin:/Applications/Visual Studio Code.app/Contents/Resources/app/bin:/Users/Jack/Study/maven/apache-maven-3.5.2/bin:/Library/Frameworks/Python.framework/Versions/3.6/bin:/usr/local/bin:/usr/bin:/bin:/usr/sbin:/sbin:/Users/Jack/Library/Android/sdk/tools:/Users/Jack/Library/Android/sdk/platform-tools
10 verbose lifecycle seaice-blog@1.0.0~serve: CWD: /Users/Jack/Blog/seaice-blog
11 silly lifecycle seaice-blog@1.0.0~serve: Args: [ '-c',
11 silly lifecycle   'webpack --config ./config/webpack.server.config.js && node build/server.bundle.js' ]
12 silly lifecycle seaice-blog@1.0.0~serve: Returned: code: 1  signal: null
13 info lifecycle seaice-blog@1.0.0~serve: Failed to exec serve script
14 verbose stack Error: seaice-blog@1.0.0 serve: `webpack --config ./config/webpack.server.config.js && node build/server.bundle.js`
14 verbose stack Exit status 1
14 verbose stack     at EventEmitter.<anonymous> (/Users/Jack/.nvm/versions/node/v6.10.0/lib/node_modules/npm/lib/utils/lifecycle.js:255:16)
14 verbose stack     at emitTwo (events.js:106:13)
14 verbose stack     at EventEmitter.emit (events.js:191:7)
14 verbose stack     at ChildProcess.<anonymous> (/Users/Jack/.nvm/versions/node/v6.10.0/lib/node_modules/npm/lib/utils/spawn.js:40:14)
14 verbose stack     at emitTwo (events.js:106:13)
14 verbose stack     at ChildProcess.emit (events.js:191:7)
14 verbose stack     at maybeClose (internal/child_process.js:877:16)
14 verbose stack     at Process.ChildProcess._handle.onexit (internal/child_process.js:226:5)
15 verbose pkgid seaice-blog@1.0.0
16 verbose cwd /Users/Jack/Blog/seaice-blog
17 error Darwin 17.3.0
18 error argv "/Users/Jack/.nvm/versions/node/v6.10.0/bin/node" "/Users/Jack/.nvm/versions/node/v6.10.0/bin/npm" "run" "serve"
19 error node v6.10.0
20 error npm  v3.10.10
21 error code ELIFECYCLE
22 error seaice-blog@1.0.0 serve: `webpack --config ./config/webpack.server.config.js && node build/server.bundle.js`
22 error Exit status 1
23 error Failed at the seaice-blog@1.0.0 serve script 'webpack --config ./config/webpack.server.config.js && node build/server.bundle.js'.
23 error Make sure you have the latest version of node.js and npm installed.
23 error If you do, this is most likely a problem with the seaice-blog package,
23 error not with npm itself.
23 error Tell the author that this fails on your system:
23 error     webpack --config ./config/webpack.server.config.js && node build/server.bundle.js
23 error You can get information on how to open an issue for this project with:
23 error     npm bugs seaice-blog
23 error Or if that isn't available, you can get their info via:
23 error     npm owner ls seaice-blog
23 error There is likely additional logging output above.
24 verbose exit [ 1, true ]
